<?xml version="1.0" encoding="UTF-8" ?>
<testsuite tests="6" failures="2" name="TestSuite" time="769.722" errors="0" skipped="4">
  <properties>
[...]
</properties>
  <testcase classname="com.ecom.amazon.login.HomepageTest" name="preset" time="747.253">
    <failure message="chrome not reachable
  (Driver info: chromedriver=2.38.552522 (437e6fbedfa8762dec75e2c5b3ddb86763dc9dcb),platform=Windows NT 6.1.7600 x86) (WARNING: The server did not provide any stacktrace information)
Command duration or timeout: 71.12 seconds
Build info: version: &apos;3.10.0&apos;, revision: &apos;176b4a9&apos;, time: &apos;2018-03-02T19:03:16.397Z&apos;
System info: host: &apos;USER-PC&apos;, ip: &apos;127.0.0.1&apos;, os.name: &apos;Windows 7&apos;, os.arch: &apos;x86&apos;, os.version: &apos;6.1&apos;, java.version: &apos;1.8.0_131&apos;
Driver info: driver.version: ChromeDriver" type="org.openqa.selenium.WebDriverException">org.openqa.selenium.WebDriverException: chrome not reachable
  (Driver info: chromedriver=2.38.552522 (437e6fbedfa8762dec75e2c5b3ddb86763dc9dcb),platform=Windows NT 6.1.7600 x86) (WARNING: The server did not provide any stacktrace information)
Command duration or timeout: 71.12 seconds
Build info: version: &apos;3.10.0&apos;, revision: &apos;176b4a9&apos;, time: &apos;2018-03-02T19:03:16.397Z&apos;
System info: host: &apos;USER-PC&apos;, ip: &apos;127.0.0.1&apos;, os.name: &apos;Windows 7&apos;, os.arch: &apos;x86&apos;, os.version: &apos;6.1&apos;, java.version: &apos;1.8.0_131&apos;
Driver info: driver.version: ChromeDriver
	at sun.reflect.NativeConstructorAccessorImpl.newInstance0(Native Method)
	at sun.reflect.NativeConstructorAccessorImpl.newInstance(NativeConstructorAccessorImpl.java:62)
	at sun.reflect.DelegatingConstructorAccessorImpl.newInstance(DelegatingConstructorAccessorImpl.java:45)
	at java.lang.reflect.Constructor.newInstance(Constructor.java:423)
	at org.openqa.selenium.remote.ErrorHandler.createThrowable(ErrorHandler.java:214)
	at org.openqa.selenium.remote.ErrorHandler.throwIfResponseFailed(ErrorHandler.java:166)
	at org.openqa.selenium.remote.JsonWireProtocolResponse.lambda$new$0(JsonWireProtocolResponse.java:53)
	at org.openqa.selenium.remote.JsonWireProtocolResponse.lambda$getResponseFunction$2(JsonWireProtocolResponse.java:91)
	at org.openqa.selenium.remote.ProtocolHandshake.lambda$createSession$0(ProtocolHandshake.java:123)
	at java.util.stream.ReferencePipeline$3$1.accept(ReferencePipeline.java:193)
	at java.util.Spliterators$ArraySpliterator.tryAdvance(Spliterators.java:958)
	at java.util.stream.ReferencePipeline.forEachWithCancel(ReferencePipeline.java:126)
	at java.util.stream.AbstractPipeline.copyIntoWithCancel(AbstractPipeline.java:498)
	at java.util.stream.AbstractPipeline.copyInto(AbstractPipeline.java:485)
	at java.util.stream.AbstractPipeline.wrapAndCopyInto(AbstractPipeline.java:471)
	at java.util.stream.FindOps$FindOp.evaluateSequential(FindOps.java:152)
	at java.util.stream.AbstractPipeline.evaluate(AbstractPipeline.java:234)
	at java.util.stream.ReferencePipeline.findFirst(ReferencePipeline.java:464)
	at org.openqa.selenium.remote.ProtocolHandshake.createSession(ProtocolHandshake.java:126)
	at org.openqa.selenium.remote.ProtocolHandshake.createSession(ProtocolHandshake.java:73)
	at org.openqa.selenium.remote.HttpCommandExecutor.execute(HttpCommandExecutor.java:138)
	at org.openqa.selenium.remote.service.DriverCommandExecutor.execute(DriverCommandExecutor.java:83)
	at org.openqa.selenium.remote.RemoteWebDriver.execute(RemoteWebDriver.java:601)
	at org.openqa.selenium.remote.RemoteWebDriver.startSession(RemoteWebDriver.java:219)
	at org.openqa.selenium.remote.RemoteWebDriver.&lt;init&gt;(RemoteWebDriver.java:142)
	at org.openqa.selenium.chrome.ChromeDriver.&lt;init&gt;(ChromeDriver.java:181)
	at org.openqa.selenium.chrome.ChromeDriver.&lt;init&gt;(ChromeDriver.java:168)
	at org.openqa.selenium.chrome.ChromeDriver.&lt;init&gt;(ChromeDriver.java:123)
	at com.ecom.testBase.Initializer.start(Initializer.java:49)
	at com.ecom.amazon.login.HomepageTest.preset(HomepageTest.java:29)
</failure>
    <system-out>Configuring TestNG with: org.apache.maven.surefire.testng.conf.TestNG652Configurator@18cccef
E:\DataDrivenFramework\AutomationProj-master\amazon\Lib\log4j.properties
</system-out>
    <system-err>Starting ChromeDriver 2.38.552522 (437e6fbedfa8762dec75e2c5b3ddb86763dc9dcb) on port 1932
Only local connections are allowed.
</system-err>
  </testcase>
  <testcase classname="com.ecom.amazon.login.HomepageTest" name="TestHomepage" time="0.362">
    <skipped/>
    <system-out>Getting input data from getexceldata
4
9
Yes
No
No
total x value is1
</system-out>
  </testcase>
  <testcase classname="com.ecom.amazon.login.HomepageTest" name="posttest" time="0.362">
    <skipped/>
  </testcase>
  <testcase classname="com.ecom.amazon.login.LoginTest" name="preset" time="20.896">
    <failure message="Timed out waiting for driver server to start.
Build info: version: &apos;3.10.0&apos;, revision: &apos;176b4a9&apos;, time: &apos;2018-03-02T19:03:16.397Z&apos;
System info: host: &apos;USER-PC&apos;, ip: &apos;127.0.0.1&apos;, os.name: &apos;Windows 7&apos;, os.arch: &apos;x86&apos;, os.version: &apos;6.1&apos;, java.version: &apos;1.8.0_131&apos;
Driver info: driver.version: ChromeDriver" type="org.openqa.selenium.WebDriverException">org.openqa.selenium.WebDriverException: Timed out waiting for driver server to start.
Build info: version: &apos;3.10.0&apos;, revision: &apos;176b4a9&apos;, time: &apos;2018-03-02T19:03:16.397Z&apos;
System info: host: &apos;USER-PC&apos;, ip: &apos;127.0.0.1&apos;, os.name: &apos;Windows 7&apos;, os.arch: &apos;x86&apos;, os.version: &apos;6.1&apos;, java.version: &apos;1.8.0_131&apos;
Driver info: driver.version: ChromeDriver
	at org.openqa.selenium.remote.service.DriverService.waitUntilAvailable(DriverService.java:192)
	at org.openqa.selenium.remote.service.DriverService.start(DriverService.java:178)
	at org.openqa.selenium.remote.service.DriverCommandExecutor.execute(DriverCommandExecutor.java:79)
	at org.openqa.selenium.remote.RemoteWebDriver.execute(RemoteWebDriver.java:601)
	at org.openqa.selenium.remote.RemoteWebDriver.startSession(RemoteWebDriver.java:219)
	at org.openqa.selenium.remote.RemoteWebDriver.&lt;init&gt;(RemoteWebDriver.java:142)
	at org.openqa.selenium.chrome.ChromeDriver.&lt;init&gt;(ChromeDriver.java:181)
	at org.openqa.selenium.chrome.ChromeDriver.&lt;init&gt;(ChromeDriver.java:168)
	at org.openqa.selenium.chrome.ChromeDriver.&lt;init&gt;(ChromeDriver.java:123)
	at com.ecom.testBase.Initializer.start(Initializer.java:49)
	at com.ecom.amazon.login.LoginTest.preset(LoginTest.java:25)
Caused by: org.openqa.selenium.net.UrlChecker$TimeoutException: Timed out waiting for [http://localhost:39204/status] to be available after 20001 ms
	at org.openqa.selenium.net.UrlChecker.waitUntilAvailable(UrlChecker.java:100)
	at org.openqa.selenium.remote.service.DriverService.waitUntilAvailable(DriverService.java:187)
	... 45 more
Caused by: java.util.concurrent.TimeoutException
	at java.util.concurrent.FutureTask.get(FutureTask.java:205)
	at com.google.common.util.concurrent.SimpleTimeLimiter.callWithTimeout(SimpleTimeLimiter.java:148)
	at org.openqa.selenium.net.UrlChecker.waitUntilAvailable(UrlChecker.java:75)
	... 46 more
</failure>
    <system-out>E:\DataDrivenFramework\AutomationProj-master\amazon\Lib\log4j.properties
</system-out>
  </testcase>
  <testcase classname="com.ecom.amazon.login.LoginTest" name="testlogin" time="0.407">
    <skipped/>
    <system-out>Getting input data from getexceldata
4
9
Yes
No
No
total x value is1
</system-out>
  </testcase>
  <testcase classname="com.ecom.amazon.login.LoginTest" name="posttest" time="0.442">
    <skipped/>
  </testcase>
</testsuite>